<?xml version="1.0" encoding="UTF-8"?>
<!-- Generated by org.testng.reporters.JUnitReportReporter -->
<testsuite hostname="LAPTOP-JGRSMERP" failures="0" tests="1" name="com.Amazon.Test.SearchProductTest" time="16.864" errors="0" timestamp="2024-05-08T16:08:34 IST" skipped="0">
  <testcase classname="com.Amazon.Test.SearchProductTest" name="searchSaree" time="16.864"/>
</testsuite> <!-- com.Amazon.Test.SearchProductTest -->
