<?xml version="1.0" encoding="UTF-8"?>
<!-- Generated by org.testng.reporters.JUnitReportReporter -->
<testsuite hostname="LAPTOP-JGRSMERP" failures="0" tests="1" name="com.Sakshi.Test.AmmountSorting" time="12.291" errors="0" timestamp="2024-05-25T17:47:42 IST" skipped="0">
  <testcase classname="com.Sakshi.Test.AmmountSorting" name="sortAmmount" time="12.291"/>
</testsuite> <!-- com.Sakshi.Test.AmmountSorting -->
