<?xml version="1.0" encoding="UTF-8"?>
<!-- Generated by org.testng.reporters.JUnitReportReporter -->
<testsuite hostname="LAPTOP-JGRSMERP" failures="0" tests="1" name="com.Sakshi.Test.AmmountSorting" time="13.688" errors="0" timestamp="2024-05-25T16:10:11 IST" skipped="0">
  <testcase classname="com.Sakshi.Test.AmmountSorting" name="sortAmmount" time="13.688"/>
</testsuite> <!-- com.Sakshi.Test.AmmountSorting -->
