<?xml version="1.0" encoding="UTF-8"?>
<!-- Generated by org.testng.reporters.JUnitReportReporter -->
<testsuite hostname="LAPTOP-JGRSMERP" failures="0" tests="1" name="com.Amazon.Test.SignUpTest" time="5.429" errors="0" timestamp="2024-05-25T00:05:25 IST" skipped="0">
  <testcase classname="com.Amazon.Test.SignUpTest" name="login" time="5.429"/>
</testsuite> <!-- com.Amazon.Test.SignUpTest -->
